<?xml version="1.0" encoding="UTF-8"?>
<testng-results ignored="0" total="3" passed="3" failed="0" skipped="0">
  <reporter-output>
  </reporter-output>
  <suite started-at="2024-04-10T09:46:34 CEST" name="Default Suite" finished-at="2024-04-10T09:46:34 CEST" duration-ms="49">
    <groups>
    </groups>
    <test started-at="2024-04-10T09:46:34 CEST" name="TestNGDemo_Maven" finished-at="2024-04-10T09:46:34 CEST" duration-ms="49">
      <class name="TestCases">
        <test-method signature="test1()[pri:0, instance:TestCases@75f9eccc]" started-at="2024-04-10T09:46:34 CEST" name="test1" finished-at="2024-04-10T09:46:34 CEST" duration-ms="6" status="PASS">
          <reporter-output>
          </reporter-output>
        </test-method> <!-- test1 -->
        <test-method signature="test2()[pri:0, instance:TestCases@75f9eccc]" started-at="2024-04-10T09:46:34 CEST" name="test2" finished-at="2024-04-10T09:46:34 CEST" duration-ms="1" status="PASS">
          <reporter-output>
          </reporter-output>
        </test-method> <!-- test2 -->
        <test-method signature="test3()[pri:0, instance:TestCases@75f9eccc]" started-at="2024-04-10T09:46:34 CEST" name="test3" finished-at="2024-04-10T09:46:34 CEST" duration-ms="0" status="PASS">
          <reporter-output>
          </reporter-output>
        </test-method> <!-- test3 -->
      </class> <!-- TestCases -->
    </test> <!-- TestNGDemo_Maven -->
  </suite> <!-- Default Suite -->
</testng-results>
